{"message":"SocketIO > Connected socket rLyaZ366CBcAfVFwAAAA","level":"info"}
{"message":"SocketIO > Connected socket v3Sre4MD-8wxFli8AAAB","level":"info"}
{"message":"SocketIO : Received 0 messages","level":"info"}
{"message":"SocketIO > Disconnected socket v3Sre4MD-8wxFli8AAAB","level":"info"}
{"message":"SocketIO > Connected socket whVDWrAZALS50D6NAAAC","level":"info"}
{"message":"SocketIO : Received 0 messages","level":"info"}
{"message":"SocketIO > Disconnected socket whVDWrAZALS50D6NAAAC","level":"info"}
{"message":"SocketIO > Connected socket L_OJAYeyDtJtdPyoAAAD","level":"info"}
{"message":"SocketIO > Connected socket YKD6FIMS29YCuA5eAAAE","level":"info"}
{"message":"SocketIO : Received 0 messages","level":"info"}
{"message":"SocketIO > Disconnected socket YKD6FIMS29YCuA5eAAAE","level":"info"}
{"message":"SocketIO > Connected socket GPSD-7jcXtkMwaXBAAAF","level":"info"}
{"message":"ElephantIO broadcast > {\"type\":\"send\",\"point_id\":\"10\",\"queue_id\":null}","level":"info"}
{"message":"SocketIO : Received 1 messages","level":"info"}
{"message":"SocketIO > Disconnected socket GPSD-7jcXtkMwaXBAAAF","level":"info"}
{"message":"SocketIO : Received 0 messages","level":"info"}
{"message":"SocketIO > Disconnected socket L_OJAYeyDtJtdPyoAAAD","level":"info"}
{"message":"SocketIO > Connected socket _kauYLh1KQ7wsY35AAAG","level":"info"}
{"message":"SocketIO > Connected socket XzpqB4xY-p2jEPziAAAH","level":"info"}
{"message":"ElephantIO broadcast > {\"type\":\"send\",\"point_id\":\"10\",\"queue_id\":null}","level":"info"}
{"message":"SocketIO : Received 1 messages","level":"info"}
{"message":"SocketIO > Disconnected socket XzpqB4xY-p2jEPziAAAH","level":"info"}
{"message":"SocketIO > Connected socket Ejn37Pnx1R3xk00dAAAI","level":"info"}
{"message":"ElephantIO broadcast > {\"type\":\"reuest\",\"point_id\":\"10\",\"queue_id\":null}","level":"info"}
{"message":"SocketIO : Received 1 messages","level":"info"}
{"message":"SocketIO > Disconnected socket Ejn37Pnx1R3xk00dAAAI","level":"info"}
{"message":"SocketIO : Received 0 messages","level":"info"}
{"message":"SocketIO > Disconnected socket _kauYLh1KQ7wsY35AAAG","level":"info"}
{"message":"SocketIO > Connected socket x3i-GJzD0lWZsbKPAAAJ","level":"info"}
{"message":"SocketIO > Connected socket _XAVk2zNdXBDpdONAAAK","level":"info"}
{"message":"ElephantIO broadcast > {\"type\":\"reuest\",\"point_id\":\"10\",\"queue_id\":null}","level":"info"}
{"message":"SocketIO : Received 1 messages","level":"info"}
{"message":"SocketIO > Disconnected socket _XAVk2zNdXBDpdONAAAK","level":"info"}
{"message":"SocketIO > Connected socket PyA8zw3sepyvfOcbAAAL","level":"info"}
{"message":"ElephantIO broadcast > {\"type\":\"reuest\",\"point_id\":\"10\",\"queue_id\":null}","level":"info"}
{"message":"SocketIO : Received 1 messages","level":"info"}
{"message":"SocketIO > Disconnected socket PyA8zw3sepyvfOcbAAAL","level":"info"}
{"message":"SocketIO : Received 0 messages","level":"info"}
{"message":"SocketIO > Disconnected socket x3i-GJzD0lWZsbKPAAAJ","level":"info"}
{"message":"SocketIO > Connected socket 0uFxhbq96BFdtSDkAAAM","level":"info"}
{"message":"SocketIO > Connected socket jADhu51sAUPSDtFeAAAN","level":"info"}
{"message":"ElephantIO broadcast > {\"type\":\"reuest\",\"point_id\":\"10\",\"queue_id\":null}","level":"info"}
{"message":"SocketIO : Received 1 messages","level":"info"}
{"message":"SocketIO > Disconnected socket jADhu51sAUPSDtFeAAAN","level":"info"}
{"message":"SocketIO : Received 0 messages","level":"info"}
{"message":"SocketIO > Disconnected socket 0uFxhbq96BFdtSDkAAAM","level":"info"}
{"message":"SocketIO > Connected socket 0SECTnlVnx-qA8tgAAAO","level":"info"}
{"message":"SocketIO > Connected socket MNxBTq3hraDQAVhuAAAP","level":"info"}
{"message":"ElephantIO broadcast > {\"type\":\"reuest\",\"point_id\":\"4\",\"queue_id\":null}","level":"info"}
{"message":"SocketIO : Received 1 messages","level":"info"}
{"message":"SocketIO > Disconnected socket MNxBTq3hraDQAVhuAAAP","level":"info"}
{"message":"SocketIO > Connected socket QHp50mIN2r9D2GM7AAAQ","level":"info"}
{"message":"ElephantIO broadcast > {\"type\":\"send\",\"point_id\":\"4\",\"queue_id\":null}","level":"info"}
{"message":"SocketIO : Received 1 messages","level":"info"}
{"message":"SocketIO > Disconnected socket QHp50mIN2r9D2GM7AAAQ","level":"info"}
{"message":"SocketIO : Received 0 messages","level":"info"}
{"message":"SocketIO > Disconnected socket 0SECTnlVnx-qA8tgAAAO","level":"info"}
{"message":"SocketIO > Connected socket izTeDpoEdoIzIB_QAAAR","level":"info"}
{"message":"SocketIO > Connected socket B7-RUKJrjpSV-7lrAAAS","level":"info"}
{"message":"ElephantIO broadcast > {\"type\":\"reuest\",\"point_id\":\"4\",\"queue_id\":\"8669\"}","level":"info"}
{"message":"SocketIO : Received 1 messages","level":"info"}
{"message":"SocketIO > Disconnected socket B7-RUKJrjpSV-7lrAAAS","level":"info"}
{"message":"SocketIO : Received 0 messages","level":"info"}
{"message":"SocketIO > Disconnected socket izTeDpoEdoIzIB_QAAAR","level":"info"}
{"message":"SocketIO > Connected socket rQu8YTKWAat8dMCjAAAT","level":"info"}
{"message":"SocketIO : Received 0 messages","level":"info"}
{"message":"SocketIO > Disconnected socket rQu8YTKWAat8dMCjAAAT","level":"info"}
{"message":"SocketIO > Connected socket OfK4WwXYtl0w9nEjAAAU","level":"info"}
{"message":"SocketIO > Connected socket kffGs5jkcXx4ddEDAAAV","level":"info"}
{"message":"ElephantIO broadcast > {\"type\":\"reuest\",\"point_id\":\"4\",\"queue_id\":\"8669\"}","level":"info"}
{"message":"SocketIO : Received 1 messages","level":"info"}
{"message":"SocketIO > Disconnected socket kffGs5jkcXx4ddEDAAAV","level":"info"}
{"message":"SocketIO > Connected socket 3FCkbd3ZuMJqQJkxAAAW","level":"info"}
{"message":"ElephantIO broadcast > {\"type\":\"send\",\"point_id\":\"4\",\"queue_id\":null}","level":"info"}
{"message":"SocketIO : Received 1 messages","level":"info"}
{"message":"SocketIO > Disconnected socket 3FCkbd3ZuMJqQJkxAAAW","level":"info"}
{"message":"SocketIO : Received 0 messages","level":"info"}
{"message":"SocketIO > Disconnected socket OfK4WwXYtl0w9nEjAAAU","level":"info"}
{"message":"SocketIO > Connected socket URAF-z9OiLDdg72GAAAX","level":"info"}
{"message":"SocketIO : Received 0 messages","level":"info"}
{"message":"SocketIO > Disconnected socket URAF-z9OiLDdg72GAAAX","level":"info"}
{"message":"SocketIO > Connected socket iz1DwuU9bYNPBFY7AAAY","level":"info"}
{"message":"SocketIO : Received 0 messages","level":"info"}
{"message":"SocketIO > Disconnected socket iz1DwuU9bYNPBFY7AAAY","level":"info"}
{"message":"SocketIO > Connected socket MwQljMWXts1Aq4ISAAAZ","level":"info"}
{"message":"SocketIO : Received 0 messages","level":"info"}
{"message":"SocketIO > Disconnected socket MwQljMWXts1Aq4ISAAAZ","level":"info"}
{"message":"SocketIO > Connected socket nhTOHTAmb3J3hVafAAAa","level":"info"}
{"message":"SocketIO : Received 0 messages","level":"info"}
{"message":"SocketIO > Disconnected socket nhTOHTAmb3J3hVafAAAa","level":"info"}
{"message":"SocketIO > Connected socket oSE8hVdbuOzieSiQAAAb","level":"info"}
{"message":"SocketIO : Received 0 messages","level":"info"}
{"message":"SocketIO > Disconnected socket oSE8hVdbuOzieSiQAAAb","level":"info"}
{"message":"SocketIO > Connected socket 4wLEeJYAPyGAEwDWAAAc","level":"info"}
{"message":"SocketIO : Received 0 messages","level":"info"}
{"message":"SocketIO > Disconnected socket 4wLEeJYAPyGAEwDWAAAc","level":"info"}
{"message":"SocketIO > Connected socket wWy9yFOOF-OsSHJZAAAd","level":"info"}
{"message":"SocketIO > Connected socket 7aF3aGZRDhqa5ShiAAAe","level":"info"}
{"message":"ElephantIO broadcast > {\"type\":\"reuest\",\"point_id\":\"4\",\"queue_id\":\"8669\"}","level":"info"}
{"message":"SocketIO : Received 1 messages","level":"info"}
{"message":"SocketIO > Disconnected socket 7aF3aGZRDhqa5ShiAAAe","level":"info"}
{"message":"SocketIO > Connected socket 9C8Jr_gGeMny6gkGAAAf","level":"info"}
{"message":"ElephantIO broadcast > {\"type\":\"send\",\"point_id\":\"4\",\"queue_id\":null}","level":"info"}
{"message":"SocketIO : Received 1 messages","level":"info"}
{"message":"SocketIO > Disconnected socket 9C8Jr_gGeMny6gkGAAAf","level":"info"}
{"message":"SocketIO > Connected socket QLZl5K0f1f_xT8vrAAAg","level":"info"}
{"message":"ElephantIO broadcast > {\"type\":\"reuest\",\"point_id\":\"4\",\"queue_id\":\"8669\"}","level":"info"}
{"message":"SocketIO : Received 1 messages","level":"info"}
{"message":"SocketIO > Disconnected socket QLZl5K0f1f_xT8vrAAAg","level":"info"}
{"message":"SocketIO : Received 0 messages","level":"info"}
{"message":"SocketIO > Disconnected socket wWy9yFOOF-OsSHJZAAAd","level":"info"}
{"message":"SocketIO > Connected socket Z7r266Q15k0XfvtAAAAh","level":"info"}
{"message":"SocketIO > Connected socket SPlrmUyyT7wVAR2VAAAi","level":"info"}
{"message":"ElephantIO broadcast > {\"type\":\"reuest\",\"point_id\":\"4\",\"queue_id\":\"8669\"}","level":"info"}
{"message":"SocketIO : Received 1 messages","level":"info"}
{"message":"SocketIO > Disconnected socket SPlrmUyyT7wVAR2VAAAi","level":"info"}
{"message":"SocketIO > Connected socket ykKYyP_lE6TtduWRAAAj","level":"info"}
{"message":"ElephantIO broadcast > {\"type\":\"send\",\"point_id\":\"4\",\"queue_id\":null}","level":"info"}
{"message":"SocketIO : Received 1 messages","level":"info"}
{"message":"SocketIO > Disconnected socket ykKYyP_lE6TtduWRAAAj","level":"info"}
{"message":"SocketIO : Received 0 messages","level":"info"}
{"message":"SocketIO > Disconnected socket Z7r266Q15k0XfvtAAAAh","level":"info"}
{"message":"SocketIO > Connected socket NJ7RvzB3BfuI9tCYAAAk","level":"info"}
{"message":"SocketIO : Received 0 messages","level":"info"}
{"message":"SocketIO > Disconnected socket NJ7RvzB3BfuI9tCYAAAk","level":"info"}
{"message":"SocketIO > Connected socket YPuaxzgl5Mdsd21lAAAl","level":"info"}
{"message":"SocketIO : Received 0 messages","level":"info"}
{"message":"SocketIO > Disconnected socket YPuaxzgl5Mdsd21lAAAl","level":"info"}
{"message":"SocketIO > Connected socket Kms1ahTi-c1oQRNdAAAm","level":"info"}
{"message":"SocketIO : Received 0 messages","level":"info"}
{"message":"SocketIO > Disconnected socket Kms1ahTi-c1oQRNdAAAm","level":"info"}
{"message":"SocketIO > Connected socket xlaIn_OXUPmXDKFiAAAn","level":"info"}
{"message":"SocketIO : Received 0 messages","level":"info"}
{"message":"SocketIO > Disconnected socket xlaIn_OXUPmXDKFiAAAn","level":"info"}
{"message":"SocketIO > Connected socket -REdO7ylW3rxC8ftAAAo","level":"info"}
{"message":"SocketIO : Received 0 messages","level":"info"}
{"message":"SocketIO > Disconnected socket -REdO7ylW3rxC8ftAAAo","level":"info"}
{"message":"SocketIO > Connected socket 5WhLYnRmi2IxMDk1AAAp","level":"info"}
{"message":"SocketIO : Received 0 messages","level":"info"}
{"message":"SocketIO > Disconnected socket 5WhLYnRmi2IxMDk1AAAp","level":"info"}
{"message":"SocketIO > Connected socket TsgAMAUavGZ7MCZ4AAAq","level":"info"}
{"message":"SocketIO : Received 0 messages","level":"info"}
{"message":"SocketIO > Disconnected socket TsgAMAUavGZ7MCZ4AAAq","level":"info"}
{"message":"SocketIO > Connected socket BwVCwdEVZg47sVK0AAAr","level":"info"}
{"message":"SocketIO > Connected socket Q4FCPLhDBxJx7euVAAAs","level":"info"}
{"message":"ElephantIO broadcast > {\"type\":\"reuest\",\"point_id\":\"4\",\"queue_id\":\"8669\"}","level":"info"}
{"message":"SocketIO : Received 1 messages","level":"info"}
{"message":"SocketIO > Disconnected socket Q4FCPLhDBxJx7euVAAAs","level":"info"}
{"message":"SocketIO : Received 0 messages","level":"info"}
{"message":"SocketIO > Disconnected socket BwVCwdEVZg47sVK0AAAr","level":"info"}
{"message":"SocketIO > Connected socket zDcWFtm1fBreK3NQAAAt","level":"info"}
{"message":"SocketIO > Connected socket QsMGkVcFpDPPuDDcAAAu","level":"info"}
{"message":"ElephantIO broadcast > {\"type\":\"reuest\",\"point_id\":\"4\",\"queue_id\":\"8669\"}","level":"info"}
{"message":"SocketIO : Received 1 messages","level":"info"}
{"message":"SocketIO > Disconnected socket QsMGkVcFpDPPuDDcAAAu","level":"info"}
{"message":"SocketIO : Received 0 messages","level":"info"}
{"message":"SocketIO > Disconnected socket zDcWFtm1fBreK3NQAAAt","level":"info"}
{"message":"SocketIO > Connected socket u3Ea-M_sOffVGFekAAAv","level":"info"}
{"message":"SocketIO : Received 0 messages","level":"info"}
{"message":"SocketIO > Disconnected socket u3Ea-M_sOffVGFekAAAv","level":"info"}
{"message":"SocketIO > Connected socket Z4KoLRCvdjHlk0pNAAAw","level":"info"}
{"message":"SocketIO : Received 0 messages","level":"info"}
{"message":"SocketIO > Disconnected socket Z4KoLRCvdjHlk0pNAAAw","level":"info"}
{"message":"SocketIO > Connected socket eAi8_2C3CBmJnaSWAAAx","level":"info"}
{"message":"SocketIO : Received 0 messages","level":"info"}
{"message":"SocketIO > Disconnected socket eAi8_2C3CBmJnaSWAAAx","level":"info"}
{"message":"SocketIO > Connected socket 0s7TILOsp0HpFdMLAAAy","level":"info"}
{"message":"SocketIO : Received 0 messages","level":"info"}
{"message":"SocketIO > Disconnected socket 0s7TILOsp0HpFdMLAAAy","level":"info"}
{"message":"SocketIO > Connected socket wv7H8xkLmzNK-SBCAAAz","level":"info"}
{"message":"SocketIO : Received 0 messages","level":"info"}
{"message":"SocketIO > Disconnected socket wv7H8xkLmzNK-SBCAAAz","level":"info"}
{"message":"SocketIO > Connected socket 0C--1uXSfKYq9Pp2AAA0","level":"info"}
{"message":"SocketIO : Received 0 messages","level":"info"}
{"message":"SocketIO > Disconnected socket 0C--1uXSfKYq9Pp2AAA0","level":"info"}
{"message":"SocketIO > Connected socket Wkt55yXJ6GGhA5aEAAA1","level":"info"}
{"message":"SocketIO > Connected socket LCMUbABlAAwEedf3AAA2","level":"info"}
{"message":"ElephantIO broadcast > {\"type\":\"reuest\",\"point_id\":\"4\",\"queue_id\":\"8669\"}","level":"info"}
{"message":"SocketIO : Received 1 messages","level":"info"}
{"message":"SocketIO > Disconnected socket LCMUbABlAAwEedf3AAA2","level":"info"}
{"message":"SocketIO : Received 0 messages","level":"info"}
{"message":"SocketIO > Disconnected socket Wkt55yXJ6GGhA5aEAAA1","level":"info"}
{"message":"SocketIO > Connected socket PUAXFUNQtz-7mvvNAAA3","level":"info"}
{"message":"SocketIO : Received 0 messages","level":"info"}
{"message":"SocketIO > Disconnected socket PUAXFUNQtz-7mvvNAAA3","level":"info"}
{"message":"SocketIO > Connected socket CyTG4XmP51Xp-20TAAA4","level":"info"}
{"message":"SocketIO : Received 0 messages","level":"info"}
{"message":"SocketIO > Disconnected socket CyTG4XmP51Xp-20TAAA4","level":"info"}
{"message":"SocketIO > Connected socket 72I6l-hOIbIHrjUSAAA5","level":"info"}
{"message":"SocketIO > Connected socket MMVtn8-8RaY-R0DdAAA6","level":"info"}
{"message":"ElephantIO broadcast > {\"type\":\"reuest\",\"point_id\":\"5\",\"queue_id\":\"8560\"}","level":"info"}
{"message":"SocketIO : Received 1 messages","level":"info"}
{"message":"SocketIO > Disconnected socket MMVtn8-8RaY-R0DdAAA6","level":"info"}
{"message":"SocketIO > Connected socket JwV5DQrzR_2WD6YjAAAA","level":"info"}
{"message":"SocketIO > Connected socket ftHGKFviPkSaohmJAAAA","level":"info"}
{"message":"SocketIO > Connected socket Yb0giWAT9KrDnP3tAAAA","level":"info"}
{"message":"SocketIO : Received 0 messages","level":"info"}
{"message":"SocketIO > Disconnected socket Yb0giWAT9KrDnP3tAAAA","level":"info"}
{"message":"SocketIO > Connected socket 7nEv6jABvEc6g9asAAAB","level":"info"}
{"message":"SocketIO > Connected socket 0OMV2Fa7_yCyhsuuAAAA","level":"info"}
{"message":"SocketIO : Received 0 messages","level":"info"}
{"message":"SocketIO > Disconnected socket 0OMV2Fa7_yCyhsuuAAAA","level":"info"}
{"message":"SocketIO > Connected socket AtpWBQ6Ka1tW8a89AAAB","level":"info"}
{"message":"SocketIO : Received 0 messages","level":"info"}
{"message":"SocketIO > Disconnected socket AtpWBQ6Ka1tW8a89AAAB","level":"info"}
{"message":"SocketIO > Connected socket xYWirDwvlLB6PRWlAAAC","level":"info"}
{"message":"SocketIO > Connected socket NKUA1B5eeNonwt0rAAAD","level":"info"}
{"message":"SocketIO > Connected socket 4o8uhm_rP14AErZiAAAA","level":"info"}
{"message":"SocketIO > Connected socket kZkrkQVA9eWH-zpYAAAB","level":"info"}
{"message":"SocketIO > Connected socket okkpS93QOOpO68xHAAAA","level":"info"}
{"message":"SocketIO > Connected socket hZZePgbei-YdRZMOAAAB","level":"info"}
{"message":"SocketIO > Connected socket XTgvYT2zJOQ7ms-lAAAA","level":"info"}
{"message":"SocketIO > Connected socket vmKqfy80UO5nI7kIAAAB","level":"info"}
{"message":"SocketIO > Connected socket ksXLy0H8_-enajxTAAAC","level":"info"}
{"message":"SocketIO > Connected socket B0iZfoRZyiCynFFsAAAA","level":"info"}
{"message":"SocketIO > Connected socket OY_epMvjMSJ975aKAAAB","level":"info"}
{"message":"SocketIO > Connected socket FMdFYYQIFLyjUiN1AAAC","level":"info"}
{"message":"SocketIO : Received 0 messages","level":"info"}
{"message":"SocketIO > Disconnected socket B0iZfoRZyiCynFFsAAAA","level":"info"}
{"message":"SocketIO > Connected socket 1eYfJkVOqg1w_P-7AAAD","level":"info"}
{"message":"SocketIO : Received 0 messages","level":"info"}
{"message":"SocketIO > Disconnected socket FMdFYYQIFLyjUiN1AAAC","level":"info"}
{"message":"SocketIO > Connected socket _wp5T8MUWaTPVYqQAAAE","level":"info"}
{"message":"SocketIO : Received 0 messages","level":"info"}
{"message":"SocketIO > Disconnected socket OY_epMvjMSJ975aKAAAB","level":"info"}
{"message":"SocketIO > Connected socket 4x49KbAU78sh5tTBAAAF","level":"info"}
{"message":"SocketIO : Received 0 messages","level":"info"}
{"message":"SocketIO > Disconnected socket _wp5T8MUWaTPVYqQAAAE","level":"info"}
{"message":"SocketIO > Connected socket U4kiqsVGo_7ts3MbAAAG","level":"info"}
{"message":"SocketIO : Received 0 messages","level":"info"}
{"message":"SocketIO > Disconnected socket 4x49KbAU78sh5tTBAAAF","level":"info"}
{"message":"SocketIO > Connected socket 8JDxFFqL_aTwzj6QAAAH","level":"info"}
{"message":"SocketIO > Connected socket w8awlQLX7AgzklmbAAAI","level":"info"}
{"message":"SocketIO : Received 0 messages","level":"info"}
{"message":"SocketIO > Disconnected socket U4kiqsVGo_7ts3MbAAAG","level":"info"}
{"message":"SocketIO : Received 0 messages","level":"info"}
{"message":"SocketIO > Disconnected socket w8awlQLX7AgzklmbAAAI","level":"info"}
{"message":"SocketIO : Received 0 messages","level":"info"}
{"message":"SocketIO > Disconnected socket 1eYfJkVOqg1w_P-7AAAD","level":"info"}
{"message":"SocketIO > Connected socket u3KGoziBqCZRyDfbAAAJ","level":"info"}
{"message":"SocketIO > Connected socket rWpp2o4xrzUIm3jfAAAK","level":"info"}
{"message":"SocketIO : Received 0 messages","level":"info"}
{"message":"SocketIO > Disconnected socket 8JDxFFqL_aTwzj6QAAAH","level":"info"}
{"message":"SocketIO > Connected socket RZFgvFjchhZ9DO0mAAAL","level":"info"}
{"message":"SocketIO : Received 0 messages","level":"info"}
{"message":"SocketIO > Disconnected socket RZFgvFjchhZ9DO0mAAAL","level":"info"}
{"message":"SocketIO > Connected socket n87RSkQpnTBIDUGZAAAM","level":"info"}
{"message":"SocketIO > Connected socket Z8ryTwxbdcRhEUC_AAAN","level":"info"}
{"message":"SocketIO : Received 0 messages","level":"info"}
{"message":"SocketIO > Disconnected socket rWpp2o4xrzUIm3jfAAAK","level":"info"}
{"message":"SocketIO : Received 0 messages","level":"info"}
{"message":"SocketIO > Disconnected socket Z8ryTwxbdcRhEUC_AAAN","level":"info"}
{"message":"SocketIO > Connected socket 6xBUVD5JU4IGtSRDAAAA","level":"info"}
{"message":"SocketIO > Connected socket Zv9AdNNbznalyALUAAAB","level":"info"}
{"message":"SocketIO : Received 0 messages","level":"info"}
{"message":"SocketIO > Disconnected socket 6xBUVD5JU4IGtSRDAAAA","level":"info"}
{"message":"SocketIO > Connected socket TyShx-rUW2DYZBW8AAAC","level":"info"}
{"message":"SocketIO > Connected socket J0g7xVdsDKJcaeiSAAAD","level":"info"}
{"message":"SocketIO : Received 0 messages","level":"info"}
{"message":"SocketIO > Disconnected socket J0g7xVdsDKJcaeiSAAAD","level":"info"}
{"message":"SocketIO > Connected socket xFfriA9aUF81VNb4AAAE","level":"info"}
{"message":"SocketIO : Received 0 messages","level":"info"}
{"message":"SocketIO > Disconnected socket xFfriA9aUF81VNb4AAAE","level":"info"}
{"message":"SocketIO > Connected socket 6RzIIi1ig2FMvM--AAAF","level":"info"}
{"message":"SocketIO : Received 0 messages","level":"info"}
{"message":"SocketIO > Disconnected socket 6RzIIi1ig2FMvM--AAAF","level":"info"}
{"message":"SocketIO > Connected socket YjSQM1pngb8AKUWQAAAG","level":"info"}
{"message":"SocketIO : Received 0 messages","level":"info"}
{"message":"SocketIO > Disconnected socket Zv9AdNNbznalyALUAAAB","level":"info"}
{"message":"SocketIO > Connected socket JMIiUAleslw2JtGaAAAH","level":"info"}
{"message":"SocketIO : Received 0 messages","level":"info"}
{"message":"SocketIO > Disconnected socket YjSQM1pngb8AKUWQAAAG","level":"info"}
{"message":"SocketIO > Connected socket iY79vsBBfU_k59vTAAAI","level":"info"}
{"message":"SocketIO : Received 0 messages","level":"info"}
{"message":"SocketIO > Disconnected socket iY79vsBBfU_k59vTAAAI","level":"info"}
{"message":"SocketIO > Connected socket smOsLh2AvwwX4QmIAAAJ","level":"info"}
{"message":"SocketIO : Received 0 messages","level":"info"}
{"message":"SocketIO > Disconnected socket TyShx-rUW2DYZBW8AAAC","level":"info"}
{"message":"SocketIO > Connected socket sr0xZQbZYkcufg67AAAK","level":"info"}
{"message":"SocketIO : Received 0 messages","level":"info"}
{"message":"SocketIO > Disconnected socket smOsLh2AvwwX4QmIAAAJ","level":"info"}
{"message":"SocketIO > Connected socket Ttr0BUEX2GaMAT3dAAAL","level":"info"}
{"message":"SocketIO > Connected socket 5N1OywevoO-YofawAAAM","level":"info"}
{"message":"SocketIO : Received 0 messages","level":"info"}
{"message":"SocketIO > Disconnected socket sr0xZQbZYkcufg67AAAK","level":"info"}
{"message":"SocketIO > Connected socket 55hqMWlSYbbJf43eAAAN","level":"info"}
{"message":"SocketIO : Received 0 messages","level":"info"}
{"message":"SocketIO > Disconnected socket Ttr0BUEX2GaMAT3dAAAL","level":"info"}
{"message":"SocketIO : Received 0 messages","level":"info"}
{"message":"SocketIO > Disconnected socket 5N1OywevoO-YofawAAAM","level":"info"}
{"message":"SocketIO : Received 0 messages","level":"info"}
{"message":"SocketIO > Disconnected socket 55hqMWlSYbbJf43eAAAN","level":"info"}
{"message":"SocketIO > Connected socket c9_fnwG0BUpXlqDRAAAO","level":"info"}
{"message":"SocketIO : Received 0 messages","level":"info"}
{"message":"SocketIO > Disconnected socket c9_fnwG0BUpXlqDRAAAO","level":"info"}
{"message":"SocketIO > Connected socket GojrBnS4E7ylxsdvAAAP","level":"info"}
{"message":"SocketIO : Received 0 messages","level":"info"}
{"message":"SocketIO > Disconnected socket GojrBnS4E7ylxsdvAAAP","level":"info"}
{"message":"SocketIO > Connected socket F1oyC7olksLx_yC4AAAQ","level":"info"}
{"message":"SocketIO : Received 0 messages","level":"info"}
{"message":"SocketIO > Disconnected socket F1oyC7olksLx_yC4AAAQ","level":"info"}
{"message":"SocketIO > Connected socket 7QZEsO1MHM8sIBwWAAAR","level":"info"}
{"message":"SocketIO : Received 0 messages","level":"info"}
{"message":"SocketIO > Disconnected socket 7QZEsO1MHM8sIBwWAAAR","level":"info"}
{"message":"SocketIO > Connected socket M856mL_AP3udMc3wAAAS","level":"info"}
{"message":"SocketIO : Received 0 messages","level":"info"}
{"message":"SocketIO > Disconnected socket M856mL_AP3udMc3wAAAS","level":"info"}
{"message":"SocketIO > Connected socket sKVPiDDVV42XrxrsAAAA","level":"info"}
{"message":"SocketIO > Connected socket 4F4znJ_5HGZ1kXWfAAAA","level":"info"}
{"message":"SocketIO > Connected socket PiN7b0AmBFeUEP4WAAAB","level":"info"}
{"message":"SocketIO > Connected socket lnvm5nDyN2MWE7LmAAAC","level":"info"}
{"message":"SocketIO : Received 0 messages","level":"info"}
{"message":"SocketIO > Disconnected socket PiN7b0AmBFeUEP4WAAAB","level":"info"}
{"message":"SocketIO : Received 0 messages","level":"info"}
{"message":"SocketIO > Disconnected socket lnvm5nDyN2MWE7LmAAAC","level":"info"}
