{"message":"SocketIO > Connected socket T5Udyy6g4XuqYFcwAAAA","level":"info"}
{"message":"SocketIO > Connected socket wVT88ZTSM4eZyyoGAAAB","level":"info"}
{"message":"SocketIO : Received 0 messages","level":"info"}
{"message":"SocketIO > Disconnected socket wVT88ZTSM4eZyyoGAAAB","level":"info"}
{"message":"SocketIO > Connected socket 1kUjwRuMRUdtzhJjAAAC","level":"info"}
{"message":"SocketIO > Connected socket -O69BVC49wKRx9m4AAAD","level":"info"}
{"message":"ElephantIO broadcast > {\"foo\":\"bar\"}","level":"info"}
{"message":"SocketIO : Received 1 messages","level":"info"}
{"message":"SocketIO > Disconnected socket -O69BVC49wKRx9m4AAAD","level":"info"}
{"message":"SocketIO : Received 0 messages","level":"info"}
{"message":"SocketIO > Disconnected socket T5Udyy6g4XuqYFcwAAAA","level":"info"}
{"message":"SocketIO > Connected socket MgRzm7stNDeN0DF4AAAE","level":"info"}
{"message":"ElephantIO broadcast > {\"foo\":\"bar\"}","level":"info"}
{"message":"SocketIO : Received 1 messages","level":"info"}
{"message":"SocketIO > Disconnected socket MgRzm7stNDeN0DF4AAAE","level":"info"}
{"message":"SocketIO > Connected socket js5srTbjfI4e5hMbAAAF","level":"info"}
{"message":"SocketIO : Received 0 messages","level":"info"}
{"message":"SocketIO > Disconnected socket js5srTbjfI4e5hMbAAAF","level":"info"}
{"message":"SocketIO > Connected socket 5ZJfyrRg_zhZ6xUjAAAG","level":"info"}
{"message":"SocketIO > Connected socket eKPpxCCyal7dc6_7AAAH","level":"info"}
{"message":"ElephantIO broadcast > {\"type\":\"reuest\",\"point_id\":10}","level":"info"}
{"message":"SocketIO : Received 1 messages","level":"info"}
{"message":"SocketIO > Disconnected socket eKPpxCCyal7dc6_7AAAH","level":"info"}
{"message":"SocketIO : Received 0 messages","level":"info"}
{"message":"SocketIO > Disconnected socket 1kUjwRuMRUdtzhJjAAAC","level":"info"}
{"message":"SocketIO > Connected socket Nb0Z8htydfn6qiNSAAAI","level":"info"}
{"message":"SocketIO > Connected socket IoXZ7zJz79Q1wNq-AAAJ","level":"info"}
{"message":"ElephantIO broadcast > {\"type\":\"reuest\",\"point_id\":10}","level":"info"}
{"message":"SocketIO : Received 1 messages","level":"info"}
{"message":"SocketIO > Disconnected socket IoXZ7zJz79Q1wNq-AAAJ","level":"info"}
{"message":"SocketIO : Received 0 messages","level":"info"}
{"message":"SocketIO > Disconnected socket 5ZJfyrRg_zhZ6xUjAAAG","level":"info"}
{"message":"SocketIO > Connected socket N9NKvCJaA0hiIFlRAAAK","level":"info"}
{"message":"SocketIO > Connected socket hP8A21YDviPXA3rVAAAL","level":"info"}
{"message":"ElephantIO broadcast > {\"type\":\"reuest\",\"point_id\":10}","level":"info"}
{"message":"SocketIO : Received 1 messages","level":"info"}
{"message":"SocketIO > Disconnected socket hP8A21YDviPXA3rVAAAL","level":"info"}
{"message":"SocketIO : Received 0 messages","level":"info"}
{"message":"SocketIO > Disconnected socket Nb0Z8htydfn6qiNSAAAI","level":"info"}
{"message":"SocketIO > Connected socket IpI6RVSK8DN3_rFUAAAM","level":"info"}
{"message":"SocketIO > Connected socket WGjsg_jrg3bo7A-JAAAN","level":"info"}
{"message":"ElephantIO broadcast > {\"type\":\"reuest\",\"point_id\":10}","level":"info"}
{"message":"SocketIO : Received 1 messages","level":"info"}
{"message":"SocketIO > Disconnected socket WGjsg_jrg3bo7A-JAAAN","level":"info"}
{"message":"SocketIO > Connected socket 0tyVqp39L3cSCMwsAAAO","level":"info"}
{"message":"ElephantIO broadcast > {\"type\":\"reuest\",\"point_id\":10}","level":"info"}
{"message":"SocketIO : Received 1 messages","level":"info"}
{"message":"SocketIO > Disconnected socket 0tyVqp39L3cSCMwsAAAO","level":"info"}
{"message":"SocketIO > Connected socket 8OElnAT_32NZvI3MAAAP","level":"info"}
{"message":"ElephantIO broadcast > {\"type\":\"reuest\",\"point_id\":10}","level":"info"}
{"message":"SocketIO : Received 1 messages","level":"info"}
{"message":"SocketIO > Disconnected socket 8OElnAT_32NZvI3MAAAP","level":"info"}
{"message":"SocketIO > Connected socket Zmkn7DJXA-057j7bAAAQ","level":"info"}
{"message":"SocketIO : Received 0 messages","level":"info"}
{"message":"SocketIO > Disconnected socket Zmkn7DJXA-057j7bAAAQ","level":"info"}
{"message":"SocketIO > Connected socket tMgwrX1Mw2Xr4nWqAAAR","level":"info"}
{"message":"SocketIO : Received 0 messages","level":"info"}
{"message":"SocketIO > Disconnected socket tMgwrX1Mw2Xr4nWqAAAR","level":"info"}
{"message":"SocketIO > Connected socket YqRIzZBfTbrZiumKAAAS","level":"info"}
{"message":"SocketIO : Received 0 messages","level":"info"}
{"message":"SocketIO > Disconnected socket YqRIzZBfTbrZiumKAAAS","level":"info"}
{"message":"SocketIO > Connected socket -F5evFF7r9TEfWuVAAAT","level":"info"}
{"message":"SocketIO : Received 0 messages","level":"info"}
{"message":"SocketIO > Disconnected socket -F5evFF7r9TEfWuVAAAT","level":"info"}
{"message":"SocketIO > Connected socket FD-tlqTZxsknp2vpAAAU","level":"info"}
{"message":"SocketIO : Received 0 messages","level":"info"}
{"message":"SocketIO > Disconnected socket FD-tlqTZxsknp2vpAAAU","level":"info"}
{"message":"SocketIO > Connected socket INH8qsW8FH7sEwIXAAAV","level":"info"}
{"message":"SocketIO : Received 0 messages","level":"info"}
{"message":"SocketIO > Disconnected socket INH8qsW8FH7sEwIXAAAV","level":"info"}
{"message":"SocketIO > Connected socket Z0C80gHbclcllulXAAAW","level":"info"}
{"message":"SocketIO : Received 0 messages","level":"info"}
{"message":"SocketIO > Disconnected socket Z0C80gHbclcllulXAAAW","level":"info"}
{"message":"SocketIO > Connected socket lpNf6AuJ-4_wurihAAAX","level":"info"}
{"message":"SocketIO : Received 0 messages","level":"info"}
{"message":"SocketIO > Disconnected socket lpNf6AuJ-4_wurihAAAX","level":"info"}
{"message":"SocketIO > Connected socket 1p9-iXgsxcDH5rKXAAAY","level":"info"}
{"message":"SocketIO : Received 0 messages","level":"info"}
{"message":"SocketIO > Disconnected socket IpI6RVSK8DN3_rFUAAAM","level":"info"}
{"message":"SocketIO > Connected socket BHNQuI3BBvsHb-cyAAAZ","level":"info"}
{"message":"SocketIO : Received 0 messages","level":"info"}
{"message":"SocketIO > Disconnected socket BHNQuI3BBvsHb-cyAAAZ","level":"info"}
{"message":"SocketIO > Connected socket _vbBP8FAQTNg0YUyAAAa","level":"info"}
{"message":"SocketIO : Received 0 messages","level":"info"}
{"message":"SocketIO > Disconnected socket _vbBP8FAQTNg0YUyAAAa","level":"info"}
{"message":"SocketIO > Connected socket YIhsn753bWzW6ZQHAAAb","level":"info"}
{"message":"SocketIO : Received 0 messages","level":"info"}
{"message":"SocketIO > Disconnected socket YIhsn753bWzW6ZQHAAAb","level":"info"}
{"message":"SocketIO > Connected socket K0pE6YcS4yFCTjRJAAAc","level":"info"}
{"message":"SocketIO : Received 0 messages","level":"info"}
{"message":"SocketIO > Disconnected socket K0pE6YcS4yFCTjRJAAAc","level":"info"}
{"message":"SocketIO > Connected socket yA1ugwt8spyIy5nNAAAA","level":"info"}
{"message":"SocketIO > Connected socket 3JdthVrb_tnEJj6jAAAB","level":"info"}
{"message":"SocketIO : Received 0 messages","level":"info"}
{"message":"SocketIO > Disconnected socket yA1ugwt8spyIy5nNAAAA","level":"info"}
{"message":"SocketIO > Connected socket otdZlZdr0UZeSEVtAAAC","level":"info"}
{"message":"ElephantIO broadcast > {\"type\":\"reuest\",\"point_id\":10}","level":"info"}
{"message":"SocketIO : Received 1 messages","level":"info"}
{"message":"SocketIO > Disconnected socket otdZlZdr0UZeSEVtAAAC","level":"info"}
{"message":"SocketIO : Received 0 messages","level":"info"}
{"message":"SocketIO > Disconnected socket 3JdthVrb_tnEJj6jAAAB","level":"info"}
{"message":"SocketIO > Connected socket tNrJnopKhWFDhSDuAAAD","level":"info"}
{"message":"ElephantIO broadcast > {\"foo\":\"bar\"}","level":"info"}
{"message":"SocketIO > Connected socket MK_OsPSER9t7D8sKAAAE","level":"info"}
{"message":"ElephantIO broadcast > {\"type\":\"reuest\",\"point_id\":10}","level":"info"}
{"message":"SocketIO : Received 1 messages","level":"info"}
{"message":"SocketIO > Disconnected socket MK_OsPSER9t7D8sKAAAE","level":"info"}
{"message":"SocketIO : Received 1 messages","level":"info"}
{"message":"SocketIO > Disconnected socket tNrJnopKhWFDhSDuAAAD","level":"info"}
{"message":"SocketIO > Connected socket JQDwuF3Xwr7VSybwAAAF","level":"info"}
{"message":"ElephantIO broadcast > {\"foo\":\"bar\"}","level":"info"}
{"message":"SocketIO > Connected socket lgvNLR3-c3N2HgOcAAAG","level":"info"}
{"message":"ElephantIO broadcast > {\"type\":\"reuest\",\"point_id\":10}","level":"info"}
{"message":"SocketIO : Received 1 messages","level":"info"}
{"message":"SocketIO > Disconnected socket lgvNLR3-c3N2HgOcAAAG","level":"info"}
{"message":"SocketIO : Received 1 messages","level":"info"}
{"message":"SocketIO > Disconnected socket JQDwuF3Xwr7VSybwAAAF","level":"info"}
{"message":"SocketIO > Connected socket 6SZ_qtlcbsCrEq0aAAAH","level":"info"}
{"message":"ElephantIO broadcast > {\"type\":\"reuest\",\"point_id\":10}","level":"info"}
{"message":"SocketIO > Connected socket zNEsvq2FsZmvX8ioAAAI","level":"info"}
{"message":"ElephantIO broadcast > {\"type\":\"reuest\",\"point_id\":10}","level":"info"}
{"message":"SocketIO > Connected socket d-pAAu0zZnTbKXYoAAAJ","level":"info"}
{"message":"ElephantIO broadcast > {\"type\":\"reuest\",\"point_id\":10}","level":"info"}
{"message":"SocketIO : Received 1 messages","level":"info"}
{"message":"SocketIO > Disconnected socket d-pAAu0zZnTbKXYoAAAJ","level":"info"}
{"message":"SocketIO > Connected socket EVjiI-LgXlWi_bBkAAAA","level":"info"}
{"message":"SocketIO : Received 0 messages","level":"info"}
{"message":"SocketIO > Disconnected socket EVjiI-LgXlWi_bBkAAAA","level":"info"}
{"message":"SocketIO > Connected socket uUrjrCDhVLUHyFGZAAAB","level":"info"}
{"message":"ElephantIO broadcast > {\"type\":\"reuest\",\"point_id\":10}","level":"info"}
{"message":"SocketIO : Received 1 messages","level":"info"}
{"message":"SocketIO > Disconnected socket uUrjrCDhVLUHyFGZAAAB","level":"info"}
{"message":"SocketIO > Connected socket Es0SkQwph18ICi2CAAAC","level":"info"}
{"message":"ElephantIO broadcast > {\"queuetype\":\"reuest\",\"point_id\":\"10\",\"queue_id\":\"24589\"}","level":"info"}
{"message":"SocketIO > Connected socket l8usuj74IZY4l7o3AAAD","level":"info"}
{"message":"ElephantIO broadcast > {\"queuetype\":\"reuest\",\"point_id\":10}","level":"info"}
{"message":"SocketIO : Received 1 messages","level":"info"}
{"message":"SocketIO > Disconnected socket l8usuj74IZY4l7o3AAAD","level":"info"}
{"message":"SocketIO > Connected socket ukYquirWiyjl2DypAAAE","level":"info"}
{"message":"ElephantIO broadcast > {\"queuetype\":\"reuest\",\"point_id\":\"10\",\"queue_id\":\"24589\"}","level":"info"}
{"message":"SocketIO > Connected socket hFZAVcM1bumO8mknAAAF","level":"info"}
{"message":"ElephantIO broadcast > {\"queuetype\":\"reuest\",\"point_id\":10}","level":"info"}
{"message":"SocketIO : Received 1 messages","level":"info"}
{"message":"SocketIO > Disconnected socket hFZAVcM1bumO8mknAAAF","level":"info"}
{"message":"SocketIO > Connected socket dFnptwumK_03PvdYAAAA","level":"info"}
{"message":"SocketIO emit to Client :{\"queuetype\":\"reuest\",\"point_id\":\"10\",\"queue_id\":\"24589\"}","level":"info"}
{"message":"SocketIO > Connected socket 1hjO_IpVwqXM-ilWAAAB","level":"info"}
{"message":"SocketIO > Disconnected socket 1hjO_IpVwqXM-ilWAAAB","level":"info"}
{"message":"SocketIO > Connected socket XioK1pGAXOwOmxqvAAAC","level":"info"}
{"message":"SocketIO emit to Client :{\"queuetype\":\"reuest\",\"point_id\":\"10\",\"queue_id\":\"24589\"}","level":"info"}
{"message":"SocketIO > Connected socket sSSAhur62hXU3A1AAAAD","level":"info"}
{"message":"SocketIO emit to Client :{\"queuetype\":\"reuest\",\"point_id\":10}","level":"info"}
{"message":"SocketIO > Disconnected socket sSSAhur62hXU3A1AAAAD","level":"info"}
{"message":"SocketIO > Connected socket Ha0rZXMACKjLupCEAAAA","level":"info"}
{"message":"SocketIO > Connected socket tPPRxjjz4G-sQKYfAAAB","level":"info"}
{"message":"SocketIO > Disconnected socket Ha0rZXMACKjLupCEAAAA","level":"info"}
{"message":"SocketIO > Disconnected socket tPPRxjjz4G-sQKYfAAAB","level":"info"}
{"message":"SocketIO > Connected socket Gynvlec8j06RAhuOAAAC","level":"info"}
{"message":"SocketIO emit to Client :{\"queuetype\":\"reuest\",\"point_id\":\"10\",\"queue_id\":\"24589\"}","level":"info"}
{"message":"SocketIO > Connected socket 92QPIo7BG5D8NXlgAAAD","level":"info"}
{"message":"SocketIO emit to Client :{\"queuetype\":\"reuest\",\"point_id\":10}","level":"info"}
{"message":"SocketIO > Disconnected socket 92QPIo7BG5D8NXlgAAAD","level":"info"}
{"message":"SocketIO > Connected socket pw1pYoanNPKUfEGiAAAE","level":"info"}
{"message":"SocketIO > Disconnected socket pw1pYoanNPKUfEGiAAAE","level":"info"}
{"message":"SocketIO > Connected socket pHId3gKhjg8MjdHYAAAF","level":"info"}
{"message":"SocketIO > Connected socket JncOtpiJTz-UwmqYAAAG","level":"info"}
{"message":"SocketIO emit to Client :{\"queuetype\":\"reuest\",\"point_id\":10}","level":"info"}
{"message":"SocketIO > Disconnected socket JncOtpiJTz-UwmqYAAAG","level":"info"}
{"message":"SocketIO > Disconnected socket pHId3gKhjg8MjdHYAAAF","level":"info"}
{"message":"SocketIO > Connected socket 4GUT1BHMlgJtvJKSAAAH","level":"info"}
{"message":"SocketIO > Connected socket 4tUgR76vhdO1PJ4qAAAI","level":"info"}
{"message":"SocketIO emit to Client :{\"queuetype\":\"reuest\",\"point_id\":10,\"queue_id\":456094785}","level":"info"}
{"message":"SocketIO > Disconnected socket 4tUgR76vhdO1PJ4qAAAI","level":"info"}
{"message":"SocketIO > Disconnected socket 4GUT1BHMlgJtvJKSAAAH","level":"info"}
{"message":"SocketIO > Connected socket k6fF-oLJl4JEM3XzAAAJ","level":"info"}
{"message":"SocketIO > Disconnected socket k6fF-oLJl4JEM3XzAAAJ","level":"info"}
{"message":"SocketIO > Connected socket aRv37pIh3Rx5aeQMAAAK","level":"info"}
{"message":"SocketIO > Connected socket fX_YJokZ2fuwsBTCAAAL","level":"info"}
{"message":"SocketIO emit to Client :{\"queuetype\":\"reuest\",\"point_id\":9,\"queue_id\":\"9770\"}","level":"info"}
{"message":"SocketIO > Disconnected socket fX_YJokZ2fuwsBTCAAAL","level":"info"}
{"message":"SocketIO > Disconnected socket aRv37pIh3Rx5aeQMAAAK","level":"info"}
{"message":"SocketIO > Connected socket Kkl8IBlnQBrRs6VpAAAM","level":"info"}
{"message":"SocketIO > Connected socket 41MVhzdaJOJjgkQSAAAN","level":"info"}
{"message":"SocketIO emit to Client :{\"queuetype\":\"reuest\",\"point_id\":9,\"queue_id\":\"9770\"}","level":"info"}
{"message":"SocketIO > Disconnected socket 41MVhzdaJOJjgkQSAAAN","level":"info"}
{"message":"SocketIO > Connected socket 2ZjT0uFWacljyGhiAAAO","level":"info"}
{"message":"SocketIO emit to Client :{\"queuetype\":\"send\",\"point_id\":9,\"queue_id\":\"9770\"}","level":"info"}
{"message":"SocketIO > Disconnected socket 2ZjT0uFWacljyGhiAAAO","level":"info"}
{"message":"SocketIO > Disconnected socket Gynvlec8j06RAhuOAAAC","level":"info"}
{"message":"SocketIO > Disconnected socket Kkl8IBlnQBrRs6VpAAAM","level":"info"}
{"message":"SocketIO > Connected socket CXGbxlOgduOQvVXjAAAA","level":"info"}
{"message":"SocketIO > Disconnected socket CXGbxlOgduOQvVXjAAAA","level":"info"}
{"message":"SocketIO > Connected socket -PjUIXOG7yUQoudJAAAB","level":"info"}
{"message":"SocketIO > Disconnected socket -PjUIXOG7yUQoudJAAAB","level":"info"}
{"message":"SocketIO > Connected socket PedFXU9WvcYeULy8AAAC","level":"info"}
{"message":"SocketIO > Connected socket ID :7t1MjgMJ_IKQv5bsAAAA","level":"info"}
{"message":"SocketIO > Connected socket ID : \tzgVaBgfZFib4uI7DAAAA","level":"info"}
{"message":"SocketIO > Disconnected socket zgVaBgfZFib4uI7DAAAA","level":"info"}
{"message":"SocketIO > Connected socket ID : \tKY-IMBHuHdPEjHJIAAAB","level":"info"}
{"message":"SocketIO > Disconnected socket KY-IMBHuHdPEjHJIAAAB","level":"info"}
{"message":"SocketIO > Connected socket ID : \tlEy72KIQpHvwas0WAAAC","level":"info"}
{"message":"SocketIO > Disconnected socket lEy72KIQpHvwas0WAAAC","level":"info"}
{"message":"SocketIO > Connected socket ID : \tAEzQv1U9V3EVsunAAAAD","level":"info"}
{"message":"SocketIO > Disconnected socket AEzQv1U9V3EVsunAAAAD","level":"info"}
{"message":"SocketIO > Connected socket ID : \tUEfg4Vo0ipTWRA-mAAAE","level":"info"}
{"message":"SocketIO > Connected socket ID : \tnGHnI_AVn5UUWVFsAAAF","level":"info"}
{"message":"SocketIO emit to Client :{\"queuetype\":\"reuest\",\"point_id\":9,\"queue_id\":\"9770\"}","level":"info"}
{"message":"SocketIO > Disconnected socket nGHnI_AVn5UUWVFsAAAF","level":"info"}
{"message":"SocketIO > Connected socket ID : \tTMhmvcYA9T_psGLKAAAG","level":"info"}
{"message":"SocketIO > Connected socket ID : \tKcqtvjpb_-dWA6qOAAAH","level":"info"}
{"message":"SocketIO emit to Client :{\"queuetype\":\"reuest\",\"point_id\":9,\"queue_id\":\"9770\"}","level":"info"}
{"message":"SocketIO > Disconnected socket Kcqtvjpb_-dWA6qOAAAH","level":"info"}
{"message":"SocketIO > Disconnected socket UEfg4Vo0ipTWRA-mAAAE","level":"info"}
{"message":"SocketIO > Connected socket ID : \tayebMscFGWBt8qcFAAAI","level":"info"}
{"message":"SocketIO > Disconnected socket ayebMscFGWBt8qcFAAAI","level":"info"}
{"message":"SocketIO > Connected socket ID : \t8t8hnKq7-oL7ywW0AAAJ","level":"info"}
{"message":"SocketIO > Disconnected socket 8t8hnKq7-oL7ywW0AAAJ","level":"info"}
{"message":"SocketIO > Connected socket ID : \tUJcnQ3DWZUdzclAGAAAK","level":"info"}
{"message":"SocketIO > Connected socket ID : \tWV3ceQjs1snvSNrpAAAL","level":"info"}
{"message":"SocketIO emit to Client :{\"queuetype\":\"reuest\",\"point_id\":9,\"queue_id\":\"9770\"}","level":"info"}
{"message":"SocketIO > Disconnected socket WV3ceQjs1snvSNrpAAAL","level":"info"}
{"message":"SocketIO > Disconnected socket TMhmvcYA9T_psGLKAAAG","level":"info"}
{"message":"SocketIO > Disconnected socket UJcnQ3DWZUdzclAGAAAK","level":"info"}
{"message":"SocketIO > Connected socket ID : \tCcDHSnEIcaJC3lJLAAAM","level":"info"}
{"message":"SocketIO > Disconnected socket CcDHSnEIcaJC3lJLAAAM","level":"info"}
{"message":"SocketIO > Connected socket ID : \t7c2Z6YmVN78ACjdUAAAN","level":"info"}
{"message":"SocketIO > Disconnected socket 7c2Z6YmVN78ACjdUAAAN","level":"info"}
